android/app/build/intermediates/manifest_merge_blame_file/debug/manifest-merger-blame-debug-report.txt
1<?xml version="1.0" encoding="utf-8"?>
2<manifest xmlns:android="http://schemas.android.com/apk/res/android"
3    package="com.pixelweather"
4    android:versionCode="1"
5    android:versionName="1.0" >
6
7    <uses-sdk
8        android:minSdkVersion="23"
9        android:targetSdkVersion="34" />
10
11    <uses-permission android:name="android.permission.ACCESS_FINE_LOCATION" />
11-->src/main/AndroidManifest.xml:3:5-79
11-->src/main/AndroidManifest.xml:3:22-76
12    <uses-permission android:name="android.permission.ACCESS_COARSE_LOCATION" />
12-->src/debug/AndroidManifest.xml:6:5-81
12-->src/debug/AndroidManifest.xml:6:22-78
13    <uses-permission android:name="android.permission.ACCESS_BACKGROUND_LOCATION" />
13-->src/debug/AndroidManifest.xml:8:5-85
13-->src/debug/AndroidManifest.xml:8:22-82
14    <!--
15    This manifest file is used only by Gradle to configure debug-only capabilities
16    for React Native Apps.
17    -->
18    <uses-permission android:name="android.permission.SYSTEM_ALERT_WINDOW" /> <!-- Include required permissions for Google Maps API to run. -->
18-->[com.facebook.react:react-android:0.74.4] AndroidManifest.xml:16:5-78
18-->[com.facebook.react:react-android:0.74.4] AndroidManifest.xml:16:22-75
19    <uses-permission android:name="android.permission.ACCESS_NETWORK_STATE" />
19-->[com.google.android.gms:play-services-maps:18.2.0] AndroidManifest.xml:23:5-79
19-->[com.google.android.gms:play-services-maps:18.2.0] AndroidManifest.xml:23:22-76
20    <uses-permission android:name="android.permission.INTERNET" />
20-->[com.google.android.gms:play-services-maps:18.2.0] AndroidManifest.xml:24:5-67
20-->[com.google.android.gms:play-services-maps:18.2.0] AndroidManifest.xml:24:22-64
21
22    <uses-feature
22-->[com.google.android.gms:play-services-maps:18.2.0] AndroidManifest.xml:26:5-28:35
23        android:glEsVersion="0x00020000"
23-->[com.google.android.gms:play-services-maps:18.2.0] AndroidManifest.xml:27:9-41
24        android:required="true" />
24-->[com.google.android.gms:play-services-maps:18.2.0] AndroidManifest.xml:28:9-32
25
26    <queries>
26-->[com.google.android.gms:play-services-maps:18.2.0] AndroidManifest.xml:30:5-34:15
27
28        <!-- Needs to be explicitly declared on Android R+ -->
29        <package android:name="com.google.android.apps.maps" />
29-->[com.google.android.gms:play-services-maps:18.2.0] AndroidManifest.xml:33:9-64
29-->[com.google.android.gms:play-services-maps:18.2.0] AndroidManifest.xml:33:18-61
30    </queries>
31
32    <uses-permission android:name="android.permission.WAKE_LOCK" />
32-->[androidx.work:work-runtime:2.7.1] AndroidManifest.xml:25:5-68
32-->[androidx.work:work-runtime:2.7.1] AndroidManifest.xml:25:22-65
33    <uses-permission android:name="android.permission.RECEIVE_BOOT_COMPLETED" />
33-->[androidx.work:work-runtime:2.7.1] AndroidManifest.xml:27:5-81
33-->[androidx.work:work-runtime:2.7.1] AndroidManifest.xml:27:22-78
34    <uses-permission android:name="android.permission.FOREGROUND_SERVICE" />
34-->[androidx.work:work-runtime:2.7.1] AndroidManifest.xml:28:5-77
34-->[androidx.work:work-runtime:2.7.1] AndroidManifest.xml:28:22-74
35
36    <permission
36-->[androidx.core:core:1.9.0] AndroidManifest.xml:22:5-24:47
37        android:name="com.pixelweather.DYNAMIC_RECEIVER_NOT_EXPORTED_PERMISSION"
37-->[androidx.core:core:1.9.0] AndroidManifest.xml:23:9-81
38        android:protectionLevel="signature" />
38-->[androidx.core:core:1.9.0] AndroidManifest.xml:24:9-44
39
40    <uses-permission android:name="com.pixelweather.DYNAMIC_RECEIVER_NOT_EXPORTED_PERMISSION" />
40-->[androidx.core:core:1.9.0] AndroidManifest.xml:26:5-97
40-->[androidx.core:core:1.9.0] AndroidManifest.xml:26:22-94
41
42    <application
42-->src/main/AndroidManifest.xml:5:5-24:19
43        android:name="com.pixelweather.MainApplication"
43-->src/main/AndroidManifest.xml:6:7-38
44        android:allowBackup="false"
44-->src/main/AndroidManifest.xml:10:7-34
45        android:appComponentFactory="androidx.core.app.CoreComponentFactory"
45-->[androidx.core:core:1.9.0] AndroidManifest.xml:28:18-86
46        android:debuggable="true"
47        android:extractNativeLibs="false"
48        android:icon="@mipmap/pixel_weather"
48-->src/main/AndroidManifest.xml:8:7-43
49        android:label="Pixel Weather"
49-->src/main/AndroidManifest.xml:7:7-36
50        android:roundIcon="@mipmap/pixel_weather"
50-->src/main/AndroidManifest.xml:9:7-48
51        android:testOnly="true"
52        android:theme="@style/AppTheme" >
52-->src/main/AndroidManifest.xml:11:7-38
53        <activity
53-->src/main/AndroidManifest.xml:12:7-23:18
54            android:name="com.pixelweather.MainActivity"
54-->src/main/AndroidManifest.xml:13:9-37
55            android:configChanges="keyboard|keyboardHidden|orientation|screenLayout|screenSize|smallestScreenSize|uiMode"
55-->src/main/AndroidManifest.xml:15:9-118
56            android:exported="true"
56-->src/main/AndroidManifest.xml:18:9-32
57            android:label="@string/app_name"
57-->src/main/AndroidManifest.xml:14:9-41
58            android:launchMode="singleTask"
58-->src/main/AndroidManifest.xml:16:9-40
59            android:windowSoftInputMode="adjustResize" >
59-->src/main/AndroidManifest.xml:17:9-51
60            <intent-filter>
60-->src/main/AndroidManifest.xml:19:9-22:25
61                <action android:name="android.intent.action.MAIN" />
61-->src/main/AndroidManifest.xml:20:13-65
61-->src/main/AndroidManifest.xml:20:21-62
62
63                <category android:name="android.intent.category.LAUNCHER" />
63-->src/main/AndroidManifest.xml:21:13-73
63-->src/main/AndroidManifest.xml:21:23-70
64            </intent-filter>
65        </activity>
66        <activity
66-->[com.facebook.react:react-android:0.74.4] AndroidManifest.xml:19:9-21:40
67            android:name="com.facebook.react.devsupport.DevSettingsActivity"
67-->[com.facebook.react:react-android:0.74.4] AndroidManifest.xml:20:13-77
68            android:exported="false" />
68-->[com.facebook.react:react-android:0.74.4] AndroidManifest.xml:21:13-37
69
70        <meta-data
70-->[com.google.maps.android:android-maps-utils:3.8.2] AndroidManifest.xml:8:9-10:69
71            android:name="com.google.android.gms.version"
71-->[com.google.maps.android:android-maps-utils:3.8.2] AndroidManifest.xml:9:13-58
72            android:value="@integer/google_play_services_version" /> <!-- Needs to be explicitly declared on P+ -->
72-->[com.google.maps.android:android-maps-utils:3.8.2] AndroidManifest.xml:10:13-66
73        <uses-library
73-->[com.google.android.gms:play-services-maps:18.2.0] AndroidManifest.xml:39:9-41:40
74            android:name="org.apache.http.legacy"
74-->[com.google.android.gms:play-services-maps:18.2.0] AndroidManifest.xml:40:13-50
75            android:required="false" />
75-->[com.google.android.gms:play-services-maps:18.2.0] AndroidManifest.xml:41:13-37
76
77        <activity
77-->[com.google.android.gms:play-services-base:18.2.0] AndroidManifest.xml:20:9-22:45
78            android:name="com.google.android.gms.common.api.GoogleApiActivity"
78-->[com.google.android.gms:play-services-base:18.2.0] AndroidManifest.xml:20:19-85
79            android:exported="false"
79-->[com.google.android.gms:play-services-base:18.2.0] AndroidManifest.xml:22:19-43
80            android:theme="@android:style/Theme.Translucent.NoTitleBar" />
80-->[com.google.android.gms:play-services-base:18.2.0] AndroidManifest.xml:21:19-78
81
82        <provider
82-->[androidx.work:work-runtime:2.7.1] AndroidManifest.xml:31:9-39:20
83            android:name="androidx.startup.InitializationProvider"
83-->[androidx.work:work-runtime:2.7.1] AndroidManifest.xml:32:13-67
84            android:authorities="com.pixelweather.androidx-startup"
84-->[androidx.work:work-runtime:2.7.1] AndroidManifest.xml:33:13-68
85            android:exported="false" >
85-->[androidx.work:work-runtime:2.7.1] AndroidManifest.xml:34:13-37
86            <meta-data
86-->[androidx.work:work-runtime:2.7.1] AndroidManifest.xml:36:13-38:52
87                android:name="androidx.work.WorkManagerInitializer"
87-->[androidx.work:work-runtime:2.7.1] AndroidManifest.xml:37:17-68
88                android:value="androidx.startup" />
88-->[androidx.work:work-runtime:2.7.1] AndroidManifest.xml:38:17-49
89            <meta-data
89-->[androidx.emoji2:emoji2:1.2.0] AndroidManifest.xml:29:13-31:52
90                android:name="androidx.emoji2.text.EmojiCompatInitializer"
90-->[androidx.emoji2:emoji2:1.2.0] AndroidManifest.xml:30:17-75
91                android:value="androidx.startup" />
91-->[androidx.emoji2:emoji2:1.2.0] AndroidManifest.xml:31:17-49
92            <meta-data
92-->[androidx.lifecycle:lifecycle-process:2.4.1] AndroidManifest.xml:31:13-33:52
93                android:name="androidx.lifecycle.ProcessLifecycleInitializer"
93-->[androidx.lifecycle:lifecycle-process:2.4.1] AndroidManifest.xml:32:17-78
94                android:value="androidx.startup" />
94-->[androidx.lifecycle:lifecycle-process:2.4.1] AndroidManifest.xml:33:17-49
95        </provider>
96
97        <service
97-->[androidx.work:work-runtime:2.7.1] AndroidManifest.xml:41:9-46:35
98            android:name="androidx.work.impl.background.systemalarm.SystemAlarmService"
98-->[androidx.work:work-runtime:2.7.1] AndroidManifest.xml:42:13-88
99            android:directBootAware="false"
99-->[androidx.work:work-runtime:2.7.1] AndroidManifest.xml:43:13-44
100            android:enabled="@bool/enable_system_alarm_service_default"
100-->[androidx.work:work-runtime:2.7.1] AndroidManifest.xml:44:13-72
101            android:exported="false" />
101-->[androidx.work:work-runtime:2.7.1] AndroidManifest.xml:45:13-37
102        <service
102-->[androidx.work:work-runtime:2.7.1] AndroidManifest.xml:47:9-53:35
103            android:name="androidx.work.impl.background.systemjob.SystemJobService"
103-->[androidx.work:work-runtime:2.7.1] AndroidManifest.xml:48:13-84
104            android:directBootAware="false"
104-->[androidx.work:work-runtime:2.7.1] AndroidManifest.xml:49:13-44
105            android:enabled="@bool/enable_system_job_service_default"
105-->[androidx.work:work-runtime:2.7.1] AndroidManifest.xml:50:13-70
106            android:exported="true"
106-->[androidx.work:work-runtime:2.7.1] AndroidManifest.xml:51:13-36
107            android:permission="android.permission.BIND_JOB_SERVICE" />
107-->[androidx.work:work-runtime:2.7.1] AndroidManifest.xml:52:13-69
108        <service
108-->[androidx.work:work-runtime:2.7.1] AndroidManifest.xml:54:9-59:35
109            android:name="androidx.work.impl.foreground.SystemForegroundService"
109-->[androidx.work:work-runtime:2.7.1] AndroidManifest.xml:55:13-81
110            android:directBootAware="false"
110-->[androidx.work:work-runtime:2.7.1] AndroidManifest.xml:56:13-44
111            android:enabled="@bool/enable_system_foreground_service_default"
111-->[androidx.work:work-runtime:2.7.1] AndroidManifest.xml:57:13-77
112            android:exported="false" />
112-->[androidx.work:work-runtime:2.7.1] AndroidManifest.xml:58:13-37
113
114        <receiver
114-->[androidx.work:work-runtime:2.7.1] AndroidManifest.xml:61:9-66:35
115            android:name="androidx.work.impl.utils.ForceStopRunnable$BroadcastReceiver"
115-->[androidx.work:work-runtime:2.7.1] AndroidManifest.xml:62:13-88
116            android:directBootAware="false"
116-->[androidx.work:work-runtime:2.7.1] AndroidManifest.xml:63:13-44
117            android:enabled="true"
117-->[androidx.work:work-runtime:2.7.1] AndroidManifest.xml:64:13-35
118            android:exported="false" />
118-->[androidx.work:work-runtime:2.7.1] AndroidManifest.xml:65:13-37
119        <receiver
119-->[androidx.work:work-runtime:2.7.1] AndroidManifest.xml:67:9-77:20
120            android:name="androidx.work.impl.background.systemalarm.ConstraintProxy$BatteryChargingProxy"
120-->[androidx.work:work-runtime:2.7.1] AndroidManifest.xml:68:13-106
121            android:directBootAware="false"
121-->[androidx.work:work-runtime:2.7.1] AndroidManifest.xml:69:13-44
122            android:enabled="false"
122-->[androidx.work:work-runtime:2.7.1] AndroidManifest.xml:70:13-36
123            android:exported="false" >
123-->[androidx.work:work-runtime:2.7.1] AndroidManifest.xml:71:13-37
124            <intent-filter>
124-->[androidx.work:work-runtime:2.7.1] AndroidManifest.xml:73:13-76:29
125                <action android:name="android.intent.action.ACTION_POWER_CONNECTED" />
125-->[androidx.work:work-runtime:2.7.1] AndroidManifest.xml:74:17-87
125-->[androidx.work:work-runtime:2.7.1] AndroidManifest.xml:74:25-84
126                <action android:name="android.intent.action.ACTION_POWER_DISCONNECTED" />
126-->[androidx.work:work-runtime:2.7.1] AndroidManifest.xml:75:17-90
126-->[androidx.work:work-runtime:2.7.1] AndroidManifest.xml:75:25-87
127            </intent-filter>
128        </receiver>
129        <receiver
129-->[androidx.work:work-runtime:2.7.1] AndroidManifest.xml:78:9-88:20
130            android:name="androidx.work.impl.background.systemalarm.ConstraintProxy$BatteryNotLowProxy"
130-->[androidx.work:work-runtime:2.7.1] AndroidManifest.xml:79:13-104
131            android:directBootAware="false"
131-->[androidx.work:work-runtime:2.7.1] AndroidManifest.xml:80:13-44
132            android:enabled="false"
132-->[androidx.work:work-runtime:2.7.1] AndroidManifest.xml:81:13-36
133            android:exported="false" >
133-->[androidx.work:work-runtime:2.7.1] AndroidManifest.xml:82:13-37
134            <intent-filter>
134-->[androidx.work:work-runtime:2.7.1] AndroidManifest.xml:84:13-87:29
135                <action android:name="android.intent.action.BATTERY_OKAY" />
135-->[androidx.work:work-runtime:2.7.1] AndroidManifest.xml:85:17-77
135-->[androidx.work:work-runtime:2.7.1] AndroidManifest.xml:85:25-74
136                <action android:name="android.intent.action.BATTERY_LOW" />
136-->[androidx.work:work-runtime:2.7.1] AndroidManifest.xml:86:17-76
136-->[androidx.work:work-runtime:2.7.1] AndroidManifest.xml:86:25-73
137            </intent-filter>
138        </receiver>
139        <receiver
139-->[androidx.work:work-runtime:2.7.1] AndroidManifest.xml:89:9-99:20
140            android:name="androidx.work.impl.background.systemalarm.ConstraintProxy$StorageNotLowProxy"
140-->[androidx.work:work-runtime:2.7.1] AndroidManifest.xml:90:13-104
141            android:directBootAware="false"
141-->[androidx.work:work-runtime:2.7.1] AndroidManifest.xml:91:13-44
142            android:enabled="false"
142-->[androidx.work:work-runtime:2.7.1] AndroidManifest.xml:92:13-36
143            android:exported="false" >
143-->[androidx.work:work-runtime:2.7.1] AndroidManifest.xml:93:13-37
144            <intent-filter>
144-->[androidx.work:work-runtime:2.7.1] AndroidManifest.xml:95:13-98:29
145                <action android:name="android.intent.action.DEVICE_STORAGE_LOW" />
145-->[androidx.work:work-runtime:2.7.1] AndroidManifest.xml:96:17-83
145-->[androidx.work:work-runtime:2.7.1] AndroidManifest.xml:96:25-80
146                <action android:name="android.intent.action.DEVICE_STORAGE_OK" />
146-->[androidx.work:work-runtime:2.7.1] AndroidManifest.xml:97:17-82
146-->[androidx.work:work-runtime:2.7.1] AndroidManifest.xml:97:25-79
147            </intent-filter>
148        </receiver>
149        <receiver
149-->[androidx.work:work-runtime:2.7.1] AndroidManifest.xml:100:9-109:20
150            android:name="androidx.work.impl.background.systemalarm.ConstraintProxy$NetworkStateProxy"
150-->[androidx.work:work-runtime:2.7.1] AndroidManifest.xml:101:13-103
151            android:directBootAware="false"
151-->[androidx.work:work-runtime:2.7.1] AndroidManifest.xml:102:13-44
152            android:enabled="false"
152-->[androidx.work:work-runtime:2.7.1] AndroidManifest.xml:103:13-36
153            android:exported="false" >
153-->[androidx.work:work-runtime:2.7.1] AndroidManifest.xml:104:13-37
154            <intent-filter>
154-->[androidx.work:work-runtime:2.7.1] AndroidManifest.xml:106:13-108:29
155                <action android:name="android.net.conn.CONNECTIVITY_CHANGE" />
155-->[androidx.work:work-runtime:2.7.1] AndroidManifest.xml:107:17-79
155-->[androidx.work:work-runtime:2.7.1] AndroidManifest.xml:107:25-76
156            </intent-filter>
157        </receiver>
158        <receiver
158-->[androidx.work:work-runtime:2.7.1] AndroidManifest.xml:110:9-121:20
159            android:name="androidx.work.impl.background.systemalarm.RescheduleReceiver"
159-->[androidx.work:work-runtime:2.7.1] AndroidManifest.xml:111:13-88
160            android:directBootAware="false"
160-->[androidx.work:work-runtime:2.7.1] AndroidManifest.xml:112:13-44
161            android:enabled="false"
161-->[androidx.work:work-runtime:2.7.1] AndroidManifest.xml:113:13-36
162            android:exported="false" >
162-->[androidx.work:work-runtime:2.7.1] AndroidManifest.xml:114:13-37
163            <intent-filter>
163-->[androidx.work:work-runtime:2.7.1] AndroidManifest.xml:116:13-120:29
164                <action android:name="android.intent.action.BOOT_COMPLETED" />
164-->[androidx.work:work-runtime:2.7.1] AndroidManifest.xml:117:17-79
164-->[androidx.work:work-runtime:2.7.1] AndroidManifest.xml:117:25-76
165                <action android:name="android.intent.action.TIME_SET" />
165-->[androidx.work:work-runtime:2.7.1] AndroidManifest.xml:118:17-73
165-->[androidx.work:work-runtime:2.7.1] AndroidManifest.xml:118:25-70
166                <action android:name="android.intent.action.TIMEZONE_CHANGED" />
166-->[androidx.work:work-runtime:2.7.1] AndroidManifest.xml:119:17-81
166-->[androidx.work:work-runtime:2.7.1] AndroidManifest.xml:119:25-78
167            </intent-filter>
168        </receiver>
169        <receiver
169-->[androidx.work:work-runtime:2.7.1] AndroidManifest.xml:122:9-131:20
170            android:name="androidx.work.impl.background.systemalarm.ConstraintProxyUpdateReceiver"
170-->[androidx.work:work-runtime:2.7.1] AndroidManifest.xml:123:13-99
171            android:directBootAware="false"
171-->[androidx.work:work-runtime:2.7.1] AndroidManifest.xml:124:13-44
172            android:enabled="@bool/enable_system_alarm_service_default"
172-->[androidx.work:work-runtime:2.7.1] AndroidManifest.xml:125:13-72
173            android:exported="false" >
173-->[androidx.work:work-runtime:2.7.1] AndroidManifest.xml:126:13-37
174            <intent-filter>
174-->[androidx.work:work-runtime:2.7.1] AndroidManifest.xml:128:13-130:29
175                <action android:name="androidx.work.impl.background.systemalarm.UpdateProxies" />
175-->[androidx.work:work-runtime:2.7.1] AndroidManifest.xml:129:17-98
175-->[androidx.work:work-runtime:2.7.1] AndroidManifest.xml:129:25-95
176            </intent-filter>
177        </receiver>
178        <receiver
178-->[androidx.work:work-runtime:2.7.1] AndroidManifest.xml:132:9-142:20
179            android:name="androidx.work.impl.diagnostics.DiagnosticsReceiver"
179-->[androidx.work:work-runtime:2.7.1] AndroidManifest.xml:133:13-78
180            android:directBootAware="false"
180-->[androidx.work:work-runtime:2.7.1] AndroidManifest.xml:134:13-44
181            android:enabled="true"
181-->[androidx.work:work-runtime:2.7.1] AndroidManifest.xml:135:13-35
182            android:exported="true"
182-->[androidx.work:work-runtime:2.7.1] AndroidManifest.xml:136:13-36
183            android:permission="android.permission.DUMP" >
183-->[androidx.work:work-runtime:2.7.1] AndroidManifest.xml:137:13-57
184            <intent-filter>
184-->[androidx.work:work-runtime:2.7.1] AndroidManifest.xml:139:13-141:29
185                <action android:name="androidx.work.diagnostics.REQUEST_DIAGNOSTICS" />
185-->[androidx.work:work-runtime:2.7.1] AndroidManifest.xml:140:17-88
185-->[androidx.work:work-runtime:2.7.1] AndroidManifest.xml:140:25-85
186            </intent-filter>
187        </receiver>
188
189        <service
189-->[androidx.room:room-runtime:2.2.5] AndroidManifest.xml:25:9-28:40
190            android:name="androidx.room.MultiInstanceInvalidationService"
190-->[androidx.room:room-runtime:2.2.5] AndroidManifest.xml:26:13-74
191            android:directBootAware="true"
191-->[androidx.room:room-runtime:2.2.5] AndroidManifest.xml:27:13-43
192            android:exported="false" />
192-->[androidx.room:room-runtime:2.2.5] AndroidManifest.xml:28:13-37
193
194        <meta-data
194-->[com.facebook.soloader:soloader:0.10.5] AndroidManifest.xml:12:9-14:37
195            android:name="com.facebook.soloader.enabled"
195-->[com.facebook.soloader:soloader:0.10.5] AndroidManifest.xml:13:13-57
196            android:value="false" />
196-->[com.facebook.soloader:soloader:0.10.5] AndroidManifest.xml:14:13-34
197    </application>
198
199</manifest>